TN:
SF:src\controllers\book.controller.ts
FN:6,(anonymous_7)
FN:19,(anonymous_9)
FN:41,(anonymous_11)
FN:54,(anonymous_13)
FN:71,(anonymous_15)
FNF:5
FNH:5
FNDA:3,(anonymous_7)
FNDA:5,(anonymous_9)
FNDA:3,(anonymous_11)
FNDA:4,(anonymous_13)
FNDA:3,(anonymous_15)
DA:2,1
DA:7,3
DA:8,3
DA:9,1
DA:11,2
DA:12,1
DA:13,1
DA:15,1
DA:20,5
DA:21,5
DA:25,5
DA:26,1
DA:27,4
DA:28,1
DA:29,3
DA:30,1
DA:32,2
DA:35,4
DA:37,1
DA:42,3
DA:43,3
DA:44,2
DA:45,1
DA:46,1
DA:48,1
DA:50,1
DA:55,4
DA:56,4
DA:57,2
DA:58,1
DA:59,1
DA:61,1
DA:63,2
DA:64,1
DA:65,1
DA:67,1
DA:72,3
DA:73,3
DA:74,1
DA:76,2
DA:77,1
DA:78,1
DA:80,1
DA:85,1
LF:44
LH:44
BRDA:11,0,0,1
BRDA:11,0,1,1
BRDA:25,1,0,1
BRDA:25,1,1,4
BRDA:27,2,0,1
BRDA:27,2,1,3
BRDA:29,3,0,1
BRDA:29,3,1,2
BRDA:44,4,0,1
BRDA:44,4,1,1
BRDA:57,5,0,1
BRDA:57,5,1,1
BRDA:63,6,0,1
BRDA:63,6,1,1
BRDA:76,7,0,1
BRDA:76,7,1,1
BRF:16
BRH:16
end_of_record
TN:
SF:src\controllers\category.controller.ts
FN:6,(anonymous_7)
FN:19,(anonymous_9)
FN:28,(anonymous_11)
FN:41,(anonymous_13)
FN:54,(anonymous_15)
FNF:5
FNH:5
FNDA:3,(anonymous_7)
FNDA:2,(anonymous_9)
FNDA:3,(anonymous_11)
FNDA:3,(anonymous_13)
FNDA:3,(anonymous_15)
DA:2,1
DA:7,3
DA:8,3
DA:9,1
DA:11,2
DA:12,1
DA:13,1
DA:15,1
DA:20,2
DA:21,2
DA:22,1
DA:24,1
DA:29,3
DA:30,3
DA:31,2
DA:32,1
DA:33,1
DA:35,1
DA:37,1
DA:42,3
DA:43,3
DA:44,2
DA:45,1
DA:46,1
DA:48,1
DA:50,1
DA:55,3
DA:56,3
DA:57,1
DA:59,2
DA:60,1
DA:61,1
DA:63,1
DA:68,1
LF:34
LH:34
BRDA:11,0,0,1
BRDA:11,0,1,1
BRDA:31,1,0,1
BRDA:31,1,1,1
BRDA:44,2,0,1
BRDA:44,2,1,1
BRDA:59,3,0,1
BRDA:59,3,1,1
BRF:8
BRH:8
end_of_record
TN:
SF:src\controllers\copy.controller.ts
FN:7,(anonymous_7)
FN:20,(anonymous_9)
FN:40,(anonymous_11)
FN:53,(anonymous_13)
FN:70,(anonymous_15)
FN:94,(anonymous_17)
FNF:6
FNH:6
FNDA:3,(anonymous_7)
FNDA:5,(anonymous_9)
FNDA:3,(anonymous_11)
FNDA:4,(anonymous_13)
FNDA:5,(anonymous_15)
FNDA:3,(anonymous_17)
DA:2,1
DA:4,1
DA:8,3
DA:9,3
DA:10,1
DA:12,2
DA:13,1
DA:14,1
DA:16,1
DA:21,5
DA:22,5
DA:26,5
DA:27,1
DA:28,4
DA:29,2
DA:31,2
DA:34,4
DA:36,1
DA:41,3
DA:42,3
DA:43,2
DA:44,1
DA:45,1
DA:47,1
DA:49,1
DA:54,4
DA:55,4
DA:56,2
DA:57,1
DA:58,1
DA:60,1
DA:62,2
DA:63,1
DA:64,1
DA:66,1
DA:71,5
DA:72,5
DA:74,5
DA:75,1
DA:76,1
DA:79,4
DA:80,2
DA:81,1
DA:82,1
DA:84,1
DA:86,2
DA:87,1
DA:88,1
DA:90,1
DA:95,3
DA:96,3
DA:97,1
DA:99,2
DA:100,1
DA:101,1
DA:103,1
DA:108,1
LF:57
LH:57
BRDA:12,0,0,1
BRDA:12,0,1,1
BRDA:26,1,0,1
BRDA:26,1,1,4
BRDA:28,2,0,2
BRDA:28,2,1,2
BRDA:28,3,0,4
BRDA:28,3,1,3
BRDA:43,4,0,1
BRDA:43,4,1,1
BRDA:56,5,0,1
BRDA:56,5,1,1
BRDA:62,6,0,1
BRDA:62,6,1,1
BRDA:74,7,0,1
BRDA:74,7,1,4
BRDA:80,8,0,1
BRDA:80,8,1,1
BRDA:86,9,0,1
BRDA:86,9,1,1
BRDA:99,10,0,1
BRDA:99,10,1,1
BRF:22
BRH:22
end_of_record
TN:
SF:src\controllers\googleBooks.controller.ts
FN:5,(anonymous_7)
FN:30,(anonymous_9)
FN:58,(anonymous_11)
FNF:3
FNH:0
FNDA:0,(anonymous_7)
FNDA:0,(anonymous_9)
FNDA:0,(anonymous_11)
DA:2,0
DA:6,0
DA:7,0
DA:9,0
DA:10,0
DA:15,0
DA:17,0
DA:22,0
DA:23,0
DA:31,0
DA:32,0
DA:34,0
DA:35,0
DA:40,0
DA:42,0
DA:43,0
DA:48,0
DA:50,0
DA:51,0
DA:59,0
DA:60,0
DA:62,0
DA:63,0
DA:68,0
DA:70,0
DA:72,0
DA:73,0
DA:81,0
LF:28
LH:0
BRDA:7,0,0,0
BRDA:9,1,0,0
BRDA:9,1,1,0
BRDA:9,2,0,0
BRDA:9,2,1,0
BRDA:25,3,0,0
BRDA:25,3,1,0
BRDA:34,4,0,0
BRDA:34,4,1,0
BRDA:42,5,0,0
BRDA:42,5,1,0
BRDA:53,6,0,0
BRDA:53,6,1,0
BRDA:62,7,0,0
BRDA:62,7,1,0
BRDA:75,8,0,0
BRDA:75,8,1,0
BRF:17
BRH:0
end_of_record
TN:
SF:src\controllers\index.ts
FNF:0
FNH:0
DA:1,0
DA:2,0
DA:3,0
DA:4,0
DA:5,0
DA:6,0
LF:6
LH:0
BRF:0
BRH:0
end_of_record
TN:
SF:src\controllers\loan.controller.ts
FN:7,(anonymous_7)
FN:20,(anonymous_9)
FN:42,(anonymous_11)
FN:56,(anonymous_13)
FN:87,(anonymous_15)
FN:104,(anonymous_17)
FN:118,(anonymous_19)
FNF:7
FNH:7
FNDA:3,(anonymous_7)
FNDA:5,(anonymous_9)
FNDA:3,(anonymous_11)
FNDA:4,(anonymous_13)
FNDA:4,(anonymous_15)
FNDA:3,(anonymous_17)
FNDA:3,(anonymous_19)
DA:2,1
DA:4,1
DA:8,3
DA:9,3
DA:10,1
DA:12,2
DA:13,1
DA:14,1
DA:16,1
DA:21,5
DA:22,5
DA:26,5
DA:27,1
DA:28,4
DA:29,1
DA:30,3
DA:31,1
DA:33,2
DA:36,4
DA:38,1
DA:43,3
DA:44,3
DA:45,2
DA:46,1
DA:47,1
DA:49,1
DA:51,1
DA:57,4
DA:58,4
DA:59,2
DA:60,1
DA:61,1
DA:65,1
DA:72,1
DA:73,1
DA:74,1
DA:77,1
DA:79,2
DA:80,1
DA:81,1
DA:83,1
DA:88,4
DA:89,4
DA:90,2
DA:91,1
DA:92,1
DA:94,1
DA:96,2
DA:97,1
DA:98,1
DA:100,1
DA:105,3
DA:106,3
DA:107,1
DA:109,2
DA:110,1
DA:111,1
DA:113,1
DA:119,3
DA:120,3
DA:121,1
DA:122,1
DA:125,2
DA:126,1
DA:128,1
DA:133,1
LF:66
LH:66
BRDA:12,0,0,1
BRDA:12,0,1,1
BRDA:26,1,0,1
BRDA:26,1,1,4
BRDA:28,2,0,1
BRDA:28,2,1,3
BRDA:30,3,0,1
BRDA:30,3,1,2
BRDA:45,4,0,1
BRDA:45,4,1,1
BRDA:59,5,0,1
BRDA:59,5,1,1
BRDA:72,6,0,1
BRDA:72,6,1,0
BRDA:72,7,0,1
BRDA:72,7,1,1
BRDA:72,7,2,1
BRDA:72,7,3,1
BRDA:79,8,0,1
BRDA:79,8,1,1
BRDA:90,9,0,1
BRDA:90,9,1,1
BRDA:96,10,0,1
BRDA:96,10,1,1
BRDA:109,11,0,1
BRDA:109,11,1,1
BRDA:120,12,0,1
BRDA:120,12,1,2
BRF:28
BRH:27
end_of_record
TN:
SF:src\controllers\reservation.controller.ts
FN:6,(anonymous_7)
FN:19,(anonymous_9)
FN:41,(anonymous_11)
FN:54,(anonymous_13)
FN:71,(anonymous_15)
FN:88,(anonymous_17)
FN:105,(anonymous_19)
FN:119,(anonymous_21)
FN:134,(anonymous_23)
FNF:9
FNH:0
FNDA:0,(anonymous_7)
FNDA:0,(anonymous_9)
FNDA:0,(anonymous_11)
FNDA:0,(anonymous_13)
FNDA:0,(anonymous_15)
FNDA:0,(anonymous_17)
FNDA:0,(anonymous_19)
FNDA:0,(anonymous_21)
FNDA:0,(anonymous_23)
DA:2,0
DA:7,0
DA:8,0
DA:9,0
DA:11,0
DA:12,0
DA:13,0
DA:15,0
DA:20,0
DA:21,0
DA:25,0
DA:26,0
DA:27,0
DA:28,0
DA:29,0
DA:30,0
DA:32,0
DA:35,0
DA:37,0
DA:42,0
DA:43,0
DA:44,0
DA:45,0
DA:46,0
DA:48,0
DA:50,0
DA:55,0
DA:56,0
DA:57,0
DA:58,0
DA:59,0
DA:61,0
DA:63,0
DA:64,0
DA:65,0
DA:67,0
DA:72,0
DA:73,0
DA:74,0
DA:75,0
DA:76,0
DA:78,0
DA:80,0
DA:81,0
DA:82,0
DA:84,0
DA:89,0
DA:90,0
DA:91,0
DA:92,0
DA:93,0
DA:95,0
DA:97,0
DA:98,0
DA:99,0
DA:101,0
DA:106,0
DA:107,0
DA:108,0
DA:110,0
DA:111,0
DA:112,0
DA:114,0
DA:120,0
DA:121,0
DA:122,0
DA:123,0
DA:126,0
DA:127,0
DA:129,0
DA:135,0
DA:136,0
DA:137,0
DA:138,0
DA:141,0
DA:146,0
DA:147,0
DA:149,0
DA:150,0
DA:151,0
DA:153,0
DA:158,0
LF:82
LH:0
BRDA:11,0,0,0
BRDA:11,0,1,0
BRDA:25,1,0,0
BRDA:25,1,1,0
BRDA:27,2,0,0
BRDA:27,2,1,0
BRDA:29,3,0,0
BRDA:29,3,1,0
BRDA:44,4,0,0
BRDA:44,4,1,0
BRDA:57,5,0,0
BRDA:57,5,1,0
BRDA:63,6,0,0
BRDA:63,6,1,0
BRDA:74,7,0,0
BRDA:74,7,1,0
BRDA:80,8,0,0
BRDA:80,8,1,0
BRDA:91,9,0,0
BRDA:91,9,1,0
BRDA:97,10,0,0
BRDA:97,10,1,0
BRDA:110,11,0,0
BRDA:110,11,1,0
BRDA:121,12,0,0
BRDA:121,12,1,0
BRDA:136,13,0,0
BRDA:136,13,1,0
BRDA:149,14,0,0
BRDA:149,14,1,0
BRF:30
BRH:0
end_of_record
TN:
SF:src\controllers\user.controller.ts
FN:7,(anonymous_8)
FN:33,(anonymous_10)
FN:42,(anonymous_12)
FN:56,(anonymous_14)
FN:79,(anonymous_16)
FN:101,(anonymous_18)
FN:115,(anonymous_20)
FNF:7
FNH:7
FNDA:4,(anonymous_8)
FNDA:2,(anonymous_10)
FNDA:3,(anonymous_12)
FNDA:3,(anonymous_14)
FNDA:3,(anonymous_16)
FNDA:3,(anonymous_18)
FNDA:3,(anonymous_20)
DA:2,1
DA:3,1
DA:8,4
DA:9,4
DA:10,4
DA:15,2
DA:25,2
DA:26,1
DA:27,1
DA:29,1
DA:34,2
DA:35,2
DA:36,1
DA:38,1
DA:43,3
DA:44,3
DA:45,3
DA:46,2
DA:47,1
DA:48,1
DA:50,1
DA:52,1
DA:57,3
DA:58,3
DA:59,1
DA:60,1
DA:62,2
DA:63,2
DA:64,1
DA:65,1
DA:67,1
DA:75,0
DA:80,3
DA:81,3
DA:82,3
DA:83,2
DA:84,1
DA:85,1
DA:87,1
DA:97,1
DA:102,3
DA:103,3
DA:104,3
DA:105,1
DA:107,2
DA:108,1
DA:109,1
DA:111,1
DA:116,3
DA:117,3
DA:118,1
DA:123,2
DA:124,1
DA:125,1
DA:127,1
DA:132,1
LF:56
LH:55
BRDA:12,0,0,4
BRDA:12,0,1,3
BRDA:25,1,0,1
BRDA:25,1,1,1
BRDA:44,2,0,3
BRDA:44,2,1,0
BRDA:46,3,0,1
BRDA:46,3,1,1
BRDA:58,4,0,1
BRDA:58,4,1,2
BRDA:63,5,0,1
BRDA:63,5,1,1
BRDA:81,6,0,3
BRDA:81,6,1,0
BRDA:83,7,0,1
BRDA:83,7,1,1
BRDA:103,8,0,3
BRDA:103,8,1,0
BRDA:107,9,0,1
BRDA:107,9,1,1
BRDA:123,10,0,1
BRDA:123,10,1,1
BRF:22
BRH:19
end_of_record
TN:
SF:src\interfaces\index.ts
FNF:0
FNH:0
DA:1,0
DA:2,0
DA:3,0
DA:4,0
DA:5,0
DA:6,0
LF:6
LH:0
BRF:0
BRH:0
end_of_record
TN:
SF:src\middlewares\auth.middleware.ts
FN:19,(anonymous_9)
FN:44,(anonymous_10)
FN:45,(anonymous_11)
FNF:3
FNH:3
FNDA:6,(anonymous_9)
FNDA:5,(anonymous_10)
FNDA:5,(anonymous_11)
DA:2,1
DA:19,1
DA:20,6
DA:22,6
DA:23,1
DA:24,1
DA:27,5
DA:28,5
DA:29,5
DA:32,3
DA:33,3
DA:35,2
DA:36,1
DA:37,1
DA:39,1
DA:44,1
DA:45,5
DA:46,5
DA:47,1
DA:48,1
DA:51,4
DA:52,2
DA:53,2
DA:56,2
LF:24
LH:24
BRDA:22,0,0,1
BRDA:22,0,1,5
BRDA:29,1,0,5
BRDA:29,1,1,1
BRDA:35,2,0,1
BRDA:35,2,1,1
BRDA:46,3,0,1
BRDA:46,3,1,4
BRDA:51,4,0,2
BRDA:51,4,1,2
BRF:10
BRH:10
end_of_record
TN:
SF:src\middlewares\index.ts
FNF:0
FNH:0
DA:1,0
DA:2,0
LF:2
LH:0
BRF:0
BRH:0
end_of_record
TN:
SF:src\middlewares\validateSchema.middleware.ts
FN:4,(anonymous_0)
FN:4,(anonymous_1)
FNF:2
FNH:0
FNDA:0,(anonymous_0)
FNDA:0,(anonymous_1)
DA:4,0
DA:5,0
DA:6,0
DA:7,0
DA:9,0
DA:10,0
DA:15,0
LF:7
LH:0
BRDA:9,0,0,0
BRDA:9,0,1,0
BRF:2
BRH:0
end_of_record
TN:
SF:src\models\book.model.ts
FNF:0
FNH:0
DA:1,17
DA:19,17
DA:30,17
LF:3
LH:3
BRF:0
BRH:0
end_of_record
TN:
SF:src\models\category.model.ts
FNF:0
FNH:0
DA:1,17
DA:13,17
DA:18,17
LF:3
LH:3
BRF:0
BRH:0
end_of_record
TN:
SF:src\models\copy.model.ts
FN:3,(anonymous_1)
FNF:1
FNH:1
FNDA:17,(anonymous_1)
DA:1,17
DA:3,17
DA:4,17
DA:5,17
DA:6,17
DA:7,17
DA:21,17
DA:27,17
LF:8
LH:8
BRDA:3,0,0,17
BRDA:3,0,1,17
BRF:2
BRH:2
end_of_record
TN:
SF:src\models\index.ts
FNF:0
FNH:0
DA:1,17
DA:2,17
DA:3,17
DA:4,17
DA:5,17
DA:6,17
LF:6
LH:6
BRF:0
BRH:0
end_of_record
TN:
SF:src\models\loan.model.ts
FN:3,(anonymous_1)
FNF:1
FNH:1
FNDA:16,(anonymous_1)
DA:1,16
DA:3,16
DA:4,16
DA:5,16
DA:6,16
DA:22,16
DA:30,16
LF:7
LH:7
BRDA:3,0,0,16
BRDA:3,0,1,16
BRF:2
BRH:2
end_of_record
TN:
SF:src\models\reservation.model.ts
FN:3,(anonymous_1)
FNF:1
FNH:1
FNDA:17,(anonymous_1)
DA:1,17
DA:3,17
DA:4,17
DA:5,17
DA:6,17
DA:20,17
DA:26,17
LF:7
LH:7
BRDA:3,0,0,17
BRDA:3,0,1,17
BRF:2
BRH:2
end_of_record
TN:
SF:src\models\user.model.ts
FN:4,(anonymous_1)
FNF:1
FNH:1
FNDA:17,(anonymous_1)
DA:1,17
DA:4,17
DA:5,17
DA:6,17
DA:16,17
DA:23,17
LF:6
LH:6
BRDA:4,0,0,17
BRDA:4,0,1,17
BRF:2
BRH:2
end_of_record
TN:
SF:src\routes\auth.routes.ts
FNF:0
FNH:0
DA:1,0
DA:2,0
DA:3,0
DA:4,0
DA:6,0
DA:8,0
DA:9,0
LF:7
LH:0
BRF:0
BRH:0
end_of_record
TN:
SF:src\routes\book.routes.ts
FNF:0
FNH:0
DA:1,0
DA:2,0
DA:3,0
DA:4,0
DA:5,0
DA:7,0
DA:10,0
DA:11,0
DA:14,0
DA:15,0
DA:16,0
LF:11
LH:0
BRF:0
BRH:0
end_of_record
TN:
SF:src\routes\category.routes.ts
FNF:0
FNH:0
DA:1,0
DA:2,0
DA:3,0
DA:4,0
DA:6,0
DA:9,0
DA:10,0
DA:11,0
DA:14,0
DA:15,0
LF:10
LH:0
BRF:0
BRH:0
end_of_record
TN:
SF:src\routes\copy.routes.ts
FNF:0
FNH:0
DA:1,0
DA:2,0
DA:3,0
DA:4,0
DA:5,0
DA:7,0
DA:10,0
DA:11,0
DA:14,0
DA:15,0
DA:16,0
DA:17,0
LF:12
LH:0
BRF:0
BRH:0
end_of_record
TN:
SF:src\routes\googleBooks.routes.ts
FNF:0
FNH:0
DA:1,0
DA:2,0
DA:3,0
DA:5,0
DA:8,0
DA:11,0
DA:14,0
DA:16,0
LF:8
LH:0
BRF:0
BRH:0
end_of_record
TN:
SF:src\routes\index.ts
FN:1,(anonymous_0)
FN:2,(anonymous_1)
FN:3,(anonymous_2)
FN:4,(anonymous_3)
FN:5,(anonymous_4)
FN:6,(anonymous_5)
FN:7,(anonymous_6)
FNF:7
FNH:0
FNDA:0,(anonymous_0)
FNDA:0,(anonymous_1)
FNDA:0,(anonymous_2)
FNDA:0,(anonymous_3)
FNDA:0,(anonymous_4)
FNDA:0,(anonymous_5)
FNDA:0,(anonymous_6)
DA:1,0
DA:2,0
DA:3,0
DA:4,0
DA:5,0
DA:6,0
DA:7,0
LF:7
LH:0
BRF:0
BRH:0
end_of_record
TN:
SF:src\routes\loan.routes.ts
FNF:0
FNH:0
DA:1,0
DA:2,0
DA:3,0
DA:4,0
DA:5,0
DA:7,0
DA:10,0
DA:13,0
DA:14,0
DA:15,0
DA:16,0
DA:17,0
DA:18,0
LF:13
LH:0
BRF:0
BRH:0
end_of_record
TN:
SF:src\routes\reservation.routes.ts
FNF:0
FNH:0
DA:1,0
DA:2,0
DA:3,0
DA:4,0
DA:5,0
DA:7,0
DA:10,0
DA:11,0
DA:14,0
DA:15,0
DA:16,0
DA:17,0
DA:18,0
DA:19,0
DA:20,0
LF:15
LH:0
BRF:0
BRH:0
end_of_record
TN:
SF:src\routes\user.routes.ts
FNF:0
FNH:0
DA:1,0
DA:2,0
DA:3,0
DA:4,0
DA:5,0
DA:7,0
DA:10,0
DA:11,0
DA:12,0
DA:13,0
DA:14,0
DA:20,0
LF:12
LH:0
BRF:0
BRH:0
end_of_record
TN:
SF:src\schemas\book.schema.ts
FNF:0
FNH:0
DA:2,0
DA:4,0
DA:19,0
LF:3
LH:0
BRF:0
BRH:0
end_of_record
TN:
SF:src\schemas\category.schema.ts
FNF:0
FNH:0
DA:1,0
DA:3,0
DA:10,0
LF:3
LH:0
BRF:0
BRH:0
end_of_record
TN:
SF:src\schemas\copy.schema.ts
FNF:0
FNH:0
DA:2,0
DA:3,0
DA:5,0
DA:12,0
LF:4
LH:0
BRF:0
BRH:0
end_of_record
TN:
SF:src\schemas\index.ts
FNF:0
FNH:0
DA:1,0
DA:2,0
DA:3,0
DA:4,0
DA:5,0
DA:6,0
LF:6
LH:0
BRF:0
BRH:0
end_of_record
TN:
SF:src\schemas\loan.schema.ts
FN:7,(anonymous_0)
FNF:1
FNH:0
FNDA:0,(anonymous_0)
DA:2,0
DA:4,0
DA:7,0
LF:3
LH:0
BRF:0
BRH:0
end_of_record
TN:
SF:src\schemas\reservation.schema.ts
FNF:0
FNH:0
DA:1,0
DA:3,0
LF:2
LH:0
BRF:0
BRH:0
end_of_record
TN:
SF:src\schemas\user.schema.ts
FNF:0
FNH:0
DA:2,0
DA:5,0
LF:2
LH:0
BRF:0
BRH:0
end_of_record
TN:
SF:src\services\book.service.ts
FN:5,(anonymous_7)
FN:20,(anonymous_9)
FN:24,(anonymous_11)
FN:28,(anonymous_13)
FN:32,(anonymous_15)
FN:43,(anonymous_17)
FN:68,(anonymous_19)
FN:83,(anonymous_21)
FNF:8
FNH:8
FNDA:11,(anonymous_7)
FNDA:1,(anonymous_9)
FNDA:1,(anonymous_11)
FNDA:2,(anonymous_13)
FNDA:3,(anonymous_15)
FNDA:4,(anonymous_17)
FNDA:3,(anonymous_19)
FNDA:1,(anonymous_21)
DA:2,7
DA:7,11
DA:8,11
DA:9,1
DA:12,10
DA:13,10
DA:14,1
DA:17,9
DA:21,1
DA:25,1
DA:29,2
DA:33,3
DA:34,3
DA:44,4
DA:45,4
DA:46,1
DA:50,3
DA:51,2
DA:52,2
DA:53,1
DA:58,2
DA:59,1
DA:60,1
DA:61,1
DA:65,1
DA:69,3
DA:70,3
DA:71,1
DA:75,2
DA:76,2
DA:77,1
DA:80,1
DA:85,1
DA:93,1
DA:97,7
LF:35
LH:35
BRDA:8,0,0,1
BRDA:8,0,1,10
BRDA:13,1,0,1
BRDA:13,1,1,9
BRDA:45,2,0,1
BRDA:45,2,1,3
BRDA:50,3,0,2
BRDA:50,3,1,1
BRDA:52,4,0,1
BRDA:52,4,1,1
BRDA:58,5,0,1
BRDA:58,5,1,1
BRDA:58,6,0,2
BRDA:58,6,1,1
BRDA:60,7,0,1
BRDA:60,7,1,0
BRDA:70,8,0,1
BRDA:70,8,1,2
BRDA:76,9,0,1
BRDA:76,9,1,1
BRF:20
BRH:19
end_of_record
TN:
SF:src\services\category.service.ts
FN:5,(anonymous_7)
FN:13,(anonymous_9)
FN:17,(anonymous_11)
FN:21,(anonymous_13)
FN:25,(anonymous_15)
FNF:5
FNH:5
FNDA:9,(anonymous_7)
FNDA:1,(anonymous_9)
FNDA:2,(anonymous_11)
FNDA:1,(anonymous_13)
FNDA:2,(anonymous_15)
DA:2,7
DA:6,9
DA:7,9
DA:8,1
DA:10,8
DA:14,1
DA:18,2
DA:22,1
DA:26,2
DA:27,2
DA:28,1
DA:30,1
DA:34,7
LF:13
LH:13
BRDA:7,0,0,1
BRDA:7,0,1,8
BRDA:27,1,0,1
BRDA:27,1,1,1
BRF:4
BRH:4
end_of_record
TN:
SF:src\services\copy.service.ts
FN:5,(anonymous_7)
FN:27,(anonymous_9)
FN:31,(anonymous_11)
FN:35,(anonymous_13)
FN:39,(anonymous_15)
FN:43,(anonymous_17)
FN:50,(anonymous_19)
FN:75,(anonymous_21)
FN:84,(anonymous_23)
FNF:9
FNH:9
FNDA:9,(anonymous_7)
FNDA:1,(anonymous_9)
FNDA:3,(anonymous_11)
FNDA:2,(anonymous_13)
FNDA:1,(anonymous_15)
FNDA:2,(anonymous_17)
FNDA:4,(anonymous_19)
FNDA:2,(anonymous_21)
FNDA:3,(anonymous_23)
DA:2,7
DA:7,9
DA:8,9
DA:9,1
DA:13,8
DA:14,8
DA:15,1
DA:19,7
DA:24,7
DA:28,1
DA:32,3
DA:36,2
DA:40,1
DA:44,2
DA:51,4
DA:52,4
DA:53,1
DA:57,3
DA:58,2
DA:59,2
DA:60,1
DA:65,2
DA:66,2
DA:67,2
DA:68,1
DA:72,1
DA:76,2
DA:77,2
DA:78,1
DA:81,1
DA:85,3
DA:86,3
DA:87,1
DA:91,2
DA:96,2
DA:97,1
DA:100,1
DA:104,7
LF:38
LH:38
BRDA:8,0,0,1
BRDA:8,0,1,8
BRDA:14,1,0,1
BRDA:14,1,1,7
BRDA:21,2,0,7
BRDA:21,2,1,0
BRDA:52,3,0,1
BRDA:52,3,1,3
BRDA:57,4,0,2
BRDA:57,4,1,1
BRDA:57,5,0,3
BRDA:57,5,1,2
BRDA:59,6,0,1
BRDA:59,6,1,1
BRDA:65,7,0,2
BRDA:65,7,1,0
BRDA:67,8,0,1
BRDA:67,8,1,1
BRDA:77,9,0,1
BRDA:77,9,1,1
BRDA:86,10,0,1
BRDA:86,10,1,2
BRDA:96,11,0,1
BRDA:96,11,1,1
BRF:24
BRH:22
end_of_record
TN:
SF:src\services\googleBooks.service.ts
FN:45,(anonymous_7)
FN:49,(anonymous_8)
FN:64,(anonymous_10)
FN:64,(anonymous_11)
FN:80,(anonymous_12)
FN:87,(anonymous_13)
FN:110,(anonymous_15)
FN:116,(anonymous_16)
FN:117,(anonymous_17)
FN:134,(anonymous_18)
FNF:10
FNH:0
FNDA:0,(anonymous_7)
FNDA:0,(anonymous_8)
FNDA:0,(anonymous_10)
FNDA:0,(anonymous_11)
FNDA:0,(anonymous_12)
FNDA:0,(anonymous_13)
FNDA:0,(anonymous_15)
FNDA:0,(anonymous_16)
FNDA:0,(anonymous_17)
FNDA:0,(anonymous_18)
DA:42,0
DA:46,0
DA:50,0
DA:51,0
DA:53,0
DA:54,0
DA:57,0
DA:59,0
DA:60,0
DA:64,0
DA:65,0
DA:66,0
DA:67,0
DA:70,0
DA:71,0
DA:72,0
DA:74,0
DA:76,0
DA:77,0
DA:80,0
DA:82,0
DA:83,0
DA:88,0
DA:89,0
DA:90,0
DA:93,0
DA:94,0
DA:95,0
DA:97,0
DA:99,0
DA:100,0
DA:103,0
DA:105,0
DA:106,0
DA:111,0
DA:114,0
DA:115,0
DA:116,0
DA:117,0
DA:118,0
DA:121,0
DA:136,0
DA:137,0
DA:138,0
DA:139,0
DA:147,0
DA:148,0
DA:149,0
DA:151,0
DA:152,0
DA:160,0
DA:164,0
DA:165,0
LF:53
LH:0
BRDA:46,0,0,0
BRDA:46,0,1,0
BRDA:53,1,0,0
BRDA:53,1,1,0
BRDA:64,2,0,0
BRDA:65,3,0,0
BRDA:65,3,1,0
BRDA:76,4,0,0
BRDA:76,4,1,0
BRDA:88,5,0,0
BRDA:88,5,1,0
BRDA:99,6,0,0
BRDA:99,6,1,0
BRDA:99,7,0,0
BRDA:99,7,1,0
BRDA:115,8,0,0
BRDA:115,8,1,0
BRDA:118,9,0,0
BRDA:118,9,1,0
BRDA:118,9,2,0
BRDA:118,10,0,0
BRDA:118,10,1,0
BRDA:118,11,0,0
BRDA:118,11,1,0
BRDA:118,12,0,0
BRDA:118,12,1,0
BRDA:118,13,0,0
BRDA:118,13,1,0
BRDA:122,14,0,0
BRDA:122,14,1,0
BRDA:123,15,0,0
BRDA:123,15,1,0
BRDA:123,16,0,0
BRDA:123,16,1,0
BRDA:123,17,0,0
BRDA:123,17,1,0
BRDA:124,18,0,0
BRDA:124,18,1,0
BRDA:126,19,0,0
BRDA:126,19,1,0
BRDA:126,20,0,0
BRDA:126,20,1,0
BRDA:126,21,0,0
BRDA:126,21,1,0
BRDA:126,22,0,0
BRDA:126,22,1,0
BRDA:126,23,0,0
BRDA:126,23,1,0
BRDA:136,24,0,0
BRDA:136,24,1,0
BRDA:138,25,0,0
BRDA:138,25,1,0
BRDA:147,26,0,0
BRDA:147,26,1,0
BRDA:147,27,0,0
BRDA:147,27,1,0
BRDA:151,28,0,0
BRDA:151,28,1,0
BRF:58
BRH:0
end_of_record
TN:
SF:src\services\index.ts
FNF:0
FNH:0
DA:1,6
DA:2,6
DA:3,6
DA:4,6
DA:5,6
DA:6,6
LF:6
LH:6
BRF:0
BRH:0
end_of_record
TN:
SF:src\services\loan.service.ts
FN:5,(anonymous_7)
FN:41,(anonymous_9)
FN:48,(anonymous_11)
FN:55,(anonymous_13)
FN:62,(anonymous_15)
FN:69,(anonymous_17)
FN:80,(anonymous_19)
FN:108,(anonymous_21)
FN:120,(anonymous_23)
FN:135,(anonymous_25)
FNF:10
FNH:10
FNDA:8,(anonymous_7)
FNDA:1,(anonymous_9)
FNDA:2,(anonymous_11)
FNDA:1,(anonymous_13)
FNDA:1,(anonymous_15)
FNDA:1,(anonymous_17)
FNDA:4,(anonymous_19)
FNDA:2,(anonymous_21)
FNDA:3,(anonymous_23)
FNDA:2,(anonymous_25)
DA:2,7
DA:7,8
DA:8,8
DA:9,1
DA:13,7
DA:14,7
DA:15,1
DA:18,6
DA:19,2
DA:23,4
DA:30,4
DA:33,4
DA:35,4
DA:42,1
DA:49,2
DA:56,1
DA:63,1
DA:70,1
DA:71,1
DA:81,4
DA:82,4
DA:83,1
DA:86,3
DA:87,1
DA:91,2
DA:97,2
DA:99,2
DA:100,0
DA:102,2
DA:109,2
DA:110,2
DA:111,1
DA:114,1
DA:121,3
DA:122,3
DA:123,1
DA:127,2
DA:128,1
DA:131,2
DA:136,2
DA:137,2
DA:147,7
LF:42
LH:41
BRDA:8,0,0,1
BRDA:8,0,1,7
BRDA:14,1,0,1
BRDA:14,1,1,6
BRDA:18,2,0,2
BRDA:18,2,1,4
BRDA:25,3,0,4
BRDA:25,3,1,0
BRDA:82,4,0,1
BRDA:82,4,1,3
BRDA:86,5,0,1
BRDA:86,5,1,2
BRDA:99,6,0,0
BRDA:99,6,1,2
BRDA:110,7,0,1
BRDA:110,7,1,1
BRDA:122,8,0,1
BRDA:122,8,1,2
BRDA:127,9,0,1
BRDA:127,9,1,1
BRF:20
BRH:18
end_of_record
TN:
SF:src\services\reservation.service.ts
FN:6,(anonymous_7)
FN:43,(anonymous_9)
FN:50,(anonymous_11)
FN:57,(anonymous_13)
FN:64,(anonymous_15)
FN:71,(anonymous_17)
FN:80,(anonymous_19)
FN:98,(anonymous_21)
FN:116,(anonymous_23)
FN:128,(anonymous_25)
FN:138,(anonymous_27)
FNF:11
FNH:0
FNDA:0,(anonymous_7)
FNDA:0,(anonymous_9)
FNDA:0,(anonymous_11)
FNDA:0,(anonymous_13)
FNDA:0,(anonymous_15)
FNDA:0,(anonymous_17)
FNDA:0,(anonymous_19)
FNDA:0,(anonymous_21)
FNDA:0,(anonymous_23)
FNDA:0,(anonymous_25)
FNDA:0,(anonymous_27)
DA:2,6
DA:3,6
DA:8,0
DA:9,0
DA:10,0
DA:14,0
DA:15,0
DA:16,0
DA:20,0
DA:21,0
DA:22,0
DA:26,0
DA:32,0
DA:33,0
DA:36,0
DA:37,0
DA:44,0
DA:51,0
DA:58,0
DA:65,0
DA:72,0
DA:81,0
DA:82,0
DA:83,0
DA:86,0
DA:87,0
DA:90,0
DA:99,0
DA:100,0
DA:101,0
DA:104,0
DA:105,0
DA:108,0
DA:117,0
DA:118,0
DA:119,0
DA:122,0
DA:129,0
DA:130,0
DA:131,0
DA:134,0
DA:139,0
DA:141,0
DA:143,0
DA:144,0
DA:147,0
DA:152,6
LF:47
LH:3
BRDA:9,0,0,0
BRDA:9,0,1,0
BRDA:15,1,0,0
BRDA:15,1,1,0
BRDA:21,2,0,0
BRDA:21,2,1,0
BRDA:32,3,0,0
BRDA:32,3,1,0
BRDA:82,4,0,0
BRDA:82,4,1,0
BRDA:86,5,0,0
BRDA:86,5,1,0
BRDA:100,6,0,0
BRDA:100,6,1,0
BRDA:104,7,0,0
BRDA:104,7,1,0
BRDA:118,8,0,0
BRDA:118,8,1,0
BRDA:130,9,0,0
BRDA:130,9,1,0
BRDA:141,10,0,0
BRDA:141,10,1,0
BRF:22
BRH:0
end_of_record
TN:
SF:src\services\user.service.ts
FN:7,(anonymous_8)
FN:25,(anonymous_10)
FN:32,(anonymous_11)
FN:36,(anonymous_12)
FN:40,(anonymous_14)
FN:44,(anonymous_16)
FN:48,(anonymous_18)
FN:56,(anonymous_20)
FN:78,(anonymous_22)
FNF:9
FNH:9
FNDA:10,(anonymous_8)
FNDA:17,(anonymous_10)
FNDA:3,(anonymous_11)
FNDA:1,(anonymous_12)
FNDA:1,(anonymous_14)
FNDA:1,(anonymous_16)
FNDA:2,(anonymous_18)
FNDA:4,(anonymous_20)
FNDA:3,(anonymous_22)
DA:1,7
DA:2,7
DA:4,7
DA:8,10
DA:9,10
DA:10,2
DA:13,8
DA:14,8
DA:18,8
DA:19,1
DA:22,8
DA:26,17
DA:27,5
DA:29,12
DA:33,3
DA:37,1
DA:41,1
DA:45,1
DA:49,2
DA:50,2
DA:51,1
DA:53,1
DA:57,4
DA:58,4
DA:59,1
DA:62,3
DA:63,3
DA:64,1
DA:67,2
DA:79,3
DA:93,7
LF:31
LH:31
BRDA:9,0,0,2
BRDA:9,0,1,8
BRDA:13,1,0,8
BRDA:13,1,1,0
BRDA:18,2,0,1
BRDA:18,2,1,7
BRDA:25,3,0,12
BRDA:26,4,0,5
BRDA:26,4,1,12
BRDA:50,5,0,1
BRDA:50,5,1,1
BRDA:58,6,0,1
BRDA:58,6,1,3
BRDA:63,7,0,1
BRDA:63,7,1,2
BRDA:87,8,0,3
BRDA:87,8,1,0
BRF:17
BRH:15
end_of_record
